[2025-08-31 18:58:35.908] [SYS][BUSINESS] %4 日志管理器初始化完成
[2025-08-31 18:58:35.920] [DB][DATA] %4 数据库初始化: 数据库路径: /home/ada/QtWorks/new/server/bin/database/remote_support.db
[2025-08-31 18:58:35.935] [DB][DATA] %4 创建工单表: 工单表创建成功！
[2025-08-31 18:58:35.938] [DB][DATA] %4 创建用户表: 用户表创建成功！
[2025-08-31 18:58:35.941] [DB][DATA] %4 创建会话表: 会话表创建成功！
[2025-08-31 18:58:35.941] [DB][DATA] %4 数据库初始化: 数据库初始化成功！所有Repository已准备就绪。
[2025-08-31 18:58:35.941] [SYS][BUSINESS] %4 User Service: User service initialized
[2025-08-31 18:58:35.941] [SYS][BUSINESS] %4 Work Order Service: Work order service initialized
[2025-08-31 18:58:35.942] [NET][NETWORK] %4 Network Server: Component connections established
[2025-08-31 18:58:35.942] [NET][NETWORK] %4 Message Router: Registered handler for message type 2
[2025-08-31 18:58:35.942] [NET][NETWORK] %4 Message Router: Registered handler for message type 1
[2025-08-31 18:58:35.942] [NET][NETWORK] %4 Message Router: Registered handler for message type 10
[2025-08-31 18:58:35.942] [NET][NETWORK] %4 Message Router: Registered handler for message type 11
[2025-08-31 18:58:35.942] [NET][NETWORK] %4 Message Router: Registered handler for message type 12
[2025-08-31 18:58:35.942] [NET][NETWORK] %4 Message Router: Registered handler for message type 13
[2025-08-31 18:58:35.942] [NET][NETWORK] %4 Message Router: Registered handler for message type 14
[2025-08-31 18:58:35.942] [NET][NETWORK] %4 Message Router: Registered handler for message type 20
[2025-08-31 18:58:35.942] [NET][NETWORK] %4 Message Router: Registered handler for message type 21
[2025-08-31 18:58:35.942] [NET][NETWORK] %4 Message Router: Registered handler for message type 22
[2025-08-31 18:58:35.942] [NET][NETWORK] %4 Message Router: Registered handler for message type 23
[2025-08-31 18:58:35.942] [NET][NETWORK] %4 Message Router: Registered handler for message type 30
[2025-08-31 18:58:35.942] [NET][NETWORK] %4 Message Router: Registered handler for message type 31
[2025-08-31 18:58:35.942] [NET][NETWORK] %4 Message Router: Registered handler for message type 32
[2025-08-31 18:58:35.942] [NET][NETWORK] %4 Message Router: Registered handler for message type 33
[2025-08-31 18:58:35.942] [NET][NETWORK] %4 Message Router: Registered handler for message type 50
[2025-08-31 18:58:35.942] [NET][NETWORK] %4 Message Router: Registered handler for message type 51
[2025-08-31 18:58:35.942] [NET][NETWORK] %4 Message Router: Registered handler for message type 52
[2025-08-31 18:58:35.942] [NET][NETWORK] %4 Network Server: Message handlers registered successfully
[2025-08-31 18:58:35.942] [NET][NETWORK] %4 Network Server: Network server initialized successfully
[2025-08-31 18:58:35.943] [NET][NETWORK] %4 Server Started: Server started on 0.0.0.0:8080
[2025-08-31 18:58:35.943] [NET][NETWORK] %4 Server Started: Server started on 0.0.0.0:8080
[2025-08-31 21:13:26.430] [SYS][BUSINESS] %4 日志管理器初始化完成
[2025-08-31 21:13:26.436] [DB][DATA] %4 数据库初始化: 数据库路径: /home/ada/QtWorks/new/server/bin/database/remote_support.db
[2025-08-31 21:13:26.438] [DB][DATA] %4 创建工单表: 工单表创建成功！
[2025-08-31 21:13:26.439] [DB][DATA] %4 创建用户表: 用户表创建成功！
[2025-08-31 21:13:26.439] [DB][DATA] %4 创建会话表: 会话表创建成功！
[2025-08-31 21:13:26.439] [DB][DATA] %4 数据库初始化: 数据库初始化成功！所有Repository已准备就绪。
[2025-08-31 21:13:26.439] [SYS][BUSINESS] %4 User Service: User service initialized
[2025-08-31 21:13:26.439] [SYS][BUSINESS] %4 Work Order Service: Work order service initialized
[2025-08-31 21:13:26.440] [NET][NETWORK] %4 Network Server: Component connections established
[2025-08-31 21:13:26.440] [NET][NETWORK] %4 Message Router: Registered handler for message type 2
[2025-08-31 21:13:26.440] [NET][NETWORK] %4 Message Router: Registered handler for message type 1
[2025-08-31 21:13:26.440] [NET][NETWORK] %4 Message Router: Registered handler for message type 10
[2025-08-31 21:13:26.440] [NET][NETWORK] %4 Message Router: Registered handler for message type 11
[2025-08-31 21:13:26.440] [NET][NETWORK] %4 Message Router: Registered handler for message type 12
[2025-08-31 21:13:26.440] [NET][NETWORK] %4 Message Router: Registered handler for message type 13
[2025-08-31 21:13:26.440] [NET][NETWORK] %4 Message Router: Registered handler for message type 14
[2025-08-31 21:13:26.440] [NET][NETWORK] %4 Message Router: Registered handler for message type 20
[2025-08-31 21:13:26.440] [NET][NETWORK] %4 Message Router: Registered handler for message type 21
[2025-08-31 21:13:26.440] [NET][NETWORK] %4 Message Router: Registered handler for message type 22
[2025-08-31 21:13:26.440] [NET][NETWORK] %4 Message Router: Registered handler for message type 23
[2025-08-31 21:13:26.440] [NET][NETWORK] %4 Message Router: Registered handler for message type 30
[2025-08-31 21:13:26.441] [NET][NETWORK] %4 Message Router: Registered handler for message type 31
[2025-08-31 21:13:26.441] [NET][NETWORK] %4 Message Router: Registered handler for message type 32
[2025-08-31 21:13:26.441] [NET][NETWORK] %4 Message Router: Registered handler for message type 33
[2025-08-31 21:13:26.441] [NET][NETWORK] %4 Message Router: Registered handler for message type 50
[2025-08-31 21:13:26.441] [NET][NETWORK] %4 Message Router: Registered handler for message type 51
[2025-08-31 21:13:26.441] [NET][NETWORK] %4 Message Router: Registered handler for message type 52
[2025-08-31 21:13:26.441] [NET][NETWORK] %4 Network Server: Message handlers registered successfully
[2025-08-31 21:13:26.441] [NET][NETWORK] %4 Network Server: Network server initialized successfully
[2025-08-31 21:13:26.442] [NET][NETWORK] %4 Server Started: Server started on 0.0.0.0:8080
[2025-08-31 21:13:26.442] [NET][NETWORK] %4 Server Started: Server started on 0.0.0.0:8080
